  grid.cpp
D:\GL\Project\component.h(49,48): warning C4244: 'return': conversion from 'double' to 'unsigned int', possible loss of data
D:\GL\Project\grid.cpp(77,22): warning C4244: 'initializing': conversion from 'double' to 'int', possible loss of data
D:\GL\Project\grid.cpp(78,22): warning C4244: 'initializing': conversion from 'double' to 'int', possible loss of data
D:\GL\Project\grid.cpp(80,20): warning C4244: 'initializing': conversion from 'double' to 'int', possible loss of data
D:\GL\Project\grid.cpp(81,20): warning C4244: 'initializing': conversion from 'double' to 'int', possible loss of data
D:\GL\Project\grid.cpp(83,25): warning C4244: 'initializing': conversion from 'double' to 'int', possible loss of data
D:\GL\Project\grid.cpp(84,22): warning C4244: 'initializing': conversion from 'double' to 'int', possible loss of data
D:\GL\Project\grid.cpp(86,23): warning C4244: 'initializing': conversion from 'double' to 'int', possible loss of data
D:\GL\Project\grid.cpp(87,20): warning C4244: 'initializing': conversion from 'double' to 'int', possible loss of data
D:\GL\Project\grid.cpp(172,73): warning C4244: 'argument': conversion from 'double' to 'int', possible loss of data
D:\GL\Project\grid.cpp(172,42): warning C4244: 'argument': conversion from 'double' to 'int', possible loss of data
D:\GL\Project\grid.cpp(174,73): warning C4244: 'argument': conversion from 'double' to 'int', possible loss of data
D:\GL\Project\grid.cpp(174,35): warning C4244: 'argument': conversion from 'double' to 'int', possible loss of data
D:\GL\Project\grid.cpp(228,71): warning C4244: 'argument': conversion from 'double' to 'int', possible loss of data
D:\GL\Project\grid.cpp(228,36): warning C4244: 'argument': conversion from 'double' to 'int', possible loss of data
D:\GL\Project\grid.cpp(230,71): warning C4244: 'argument': conversion from 'double' to 'int', possible loss of data
D:\GL\Project\grid.cpp(230,36): warning C4244: 'argument': conversion from 'double' to 'int', possible loss of data
D:\GL\Project\grid.cpp(232,71): warning C4244: 'argument': conversion from 'double' to 'int', possible loss of data
D:\GL\Project\grid.cpp(232,36): warning C4244: 'argument': conversion from 'double' to 'int', possible loss of data
D:\GL\Project\grid.cpp(234,71): warning C4244: 'argument': conversion from 'double' to 'int', possible loss of data
D:\GL\Project\grid.cpp(234,36): warning C4244: 'argument': conversion from 'double' to 'int', possible loss of data
D:\GL\Project\grid.cpp(239,68): warning C4244: 'argument': conversion from 'double' to 'int', possible loss of data
D:\GL\Project\grid.cpp(239,33): warning C4244: 'argument': conversion from 'double' to 'int', possible loss of data
D:\GL\Project\grid.cpp(242,68): warning C4244: 'argument': conversion from 'double' to 'int', possible loss of data
D:\GL\Project\grid.cpp(242,33): warning C4244: 'argument': conversion from 'double' to 'int', possible loss of data
D:\GL\Project\grid.cpp(246,67): warning C4244: 'argument': conversion from 'double' to 'int', possible loss of data
D:\GL\Project\grid.cpp(246,32): warning C4244: 'argument': conversion from 'double' to 'int', possible loss of data
D:\GL\Project\grid.cpp(249,67): warning C4244: 'argument': conversion from 'double' to 'int', possible loss of data
D:\GL\Project\grid.cpp(249,32): warning C4244: 'argument': conversion from 'double' to 'int', possible loss of data
D:\GL\Project\grid.cpp(252,67): warning C4244: 'argument': conversion from 'double' to 'int', possible loss of data
D:\GL\Project\grid.cpp(252,32): warning C4244: 'argument': conversion from 'double' to 'int', possible loss of data
D:\GL\Project\grid.cpp(255,67): warning C4244: 'argument': conversion from 'double' to 'int', possible loss of data
D:\GL\Project\grid.cpp(255,32): warning C4244: 'argument': conversion from 'double' to 'int', possible loss of data
D:\GL\Project\grid.cpp(281,26): warning C4244: 'initializing': conversion from 'double' to 'int', possible loss of data
D:\GL\Project\grid.cpp(282,23): warning C4244: 'initializing': conversion from 'double' to 'int', possible loss of data
D:\GL\Project\grid.cpp(284,17): warning C4244: 'initializing': conversion from 'double' to 'int', possible loss of data
D:\GL\Project\grid.cpp(285,17): warning C4244: 'initializing': conversion from 'double' to 'int', possible loss of data
D:\GL\Project\grid.cpp(306,21): warning C4244: 'initializing': conversion from 'double' to 'int', possible loss of data
D:\GL\Project\grid.cpp(307,21): warning C4244: 'initializing': conversion from 'double' to 'int', possible loss of data
  Project.vcxproj -> D:\GL\Project\x64\Debug\Project.exe
